Determining if the pthread_create exist failed with the following output:
Change Dir: /home/nvidia/Wokspace/umfordavmodelcar_ws/ros_ws/rover_ws/build/CMakeFiles/CMakeTmp

Run Build Command:"/usr/bin/make" "cmTC_cac0b/fast"
/usr/bin/make -f CMakeFiles/cmTC_cac0b.dir/build.make CMakeFiles/cmTC_cac0b.dir/build
make[1]: Entering directory '/home/nvidia/Wokspace/umfordavmodelcar_ws/ros_ws/rover_ws/build/CMakeFiles/CMakeTmp'
Building C object CMakeFiles/cmTC_cac0b.dir/CheckSymbolExists.c.o
/usr/bin/cc     -o CMakeFiles/cmTC_cac0b.dir/CheckSymbolExists.c.o   -c /home/nvidia/Wokspace/umfordavmodelcar_ws/ros_ws/rover_ws/build/CMakeFiles/CMakeTmp/CheckSymbolExists.c
Linking C executable cmTC_cac0b
/usr/bin/cmake -E cmake_link_script CMakeFiles/cmTC_cac0b.dir/link.txt --verbose=1
/usr/bin/cc       CMakeFiles/cmTC_cac0b.dir/CheckSymbolExists.c.o  -o cmTC_cac0b -rdynamic 
CMakeFiles/cmTC_cac0b.dir/CheckSymbolExists.c.o: In function `main':
CheckSymbolExists.c:(.text+0x14): undefined reference to `pthread_create'
CheckSymbolExists.c:(.text+0x18): undefined reference to `pthread_create'
collect2: error: ld returned 1 exit status
CMakeFiles/cmTC_cac0b.dir/build.make:97: recipe for target 'cmTC_cac0b' failed
make[1]: *** [cmTC_cac0b] Error 1
make[1]: Leaving directory '/home/nvidia/Wokspace/umfordavmodelcar_ws/ros_ws/rover_ws/build/CMakeFiles/CMakeTmp'
Makefile:126: recipe for target 'cmTC_cac0b/fast' failed
make: *** [cmTC_cac0b/fast] Error 2

File /home/nvidia/Wokspace/umfordavmodelcar_ws/ros_ws/rover_ws/build/CMakeFiles/CMakeTmp/CheckSymbolExists.c:
/* */
#include <pthread.h>

int main(int argc, char** argv)
{
  (void)argv;
#ifndef pthread_create
  return ((int*)(&pthread_create))[argc];
#else
  (void)argc;
  return 0;
#endif
}

Determining if the function pthread_create exists in the pthreads failed with the following output:
Change Dir: /home/nvidia/Wokspace/umfordavmodelcar_ws/ros_ws/rover_ws/build/CMakeFiles/CMakeTmp

Run Build Command:"/usr/bin/make" "cmTC_654da/fast"
/usr/bin/make -f CMakeFiles/cmTC_654da.dir/build.make CMakeFiles/cmTC_654da.dir/build
make[1]: Entering directory '/home/nvidia/Wokspace/umfordavmodelcar_ws/ros_ws/rover_ws/build/CMakeFiles/CMakeTmp'
Building C object CMakeFiles/cmTC_654da.dir/CheckFunctionExists.c.o
/usr/bin/cc    -DCHECK_FUNCTION_EXISTS=pthread_create   -o CMakeFiles/cmTC_654da.dir/CheckFunctionExists.c.o   -c /usr/share/cmake-3.5/Modules/CheckFunctionExists.c
Linking C executable cmTC_654da
/usr/bin/cmake -E cmake_link_script CMakeFiles/cmTC_654da.dir/link.txt --verbose=1
/usr/bin/cc   -DCHECK_FUNCTION_EXISTS=pthread_create    CMakeFiles/cmTC_654da.dir/CheckFunctionExists.c.o  -o cmTC_654da -rdynamic -lpthreads 
/usr/bin/ld: cannot find -lpthreads
collect2: error: ld returned 1 exit status
CMakeFiles/cmTC_654da.dir/build.make:97: recipe for target 'cmTC_654da' failed
make[1]: *** [cmTC_654da] Error 1
make[1]: Leaving directory '/home/nvidia/Wokspace/umfordavmodelcar_ws/ros_ws/rover_ws/build/CMakeFiles/CMakeTmp'
Makefile:126: recipe for target 'cmTC_654da/fast' failed
make: *** [cmTC_654da/fast] Error 2


