Determining if the pthread_create exist failed with the following output:
Change Dir: /home/nvidia/Wokspace/umfordavmodelcar_ws/ros_ws/teraranger_node_ws/build/CMakeFiles/CMakeTmp

Run Build Command:"/usr/bin/make" "cmTC_dc978/fast"
/usr/bin/make -f CMakeFiles/cmTC_dc978.dir/build.make CMakeFiles/cmTC_dc978.dir/build
make[1]: Entering directory '/home/nvidia/Wokspace/umfordavmodelcar_ws/ros_ws/teraranger_node_ws/build/CMakeFiles/CMakeTmp'
Building C object CMakeFiles/cmTC_dc978.dir/CheckSymbolExists.c.o
/usr/bin/cc     -o CMakeFiles/cmTC_dc978.dir/CheckSymbolExists.c.o   -c /home/nvidia/Wokspace/umfordavmodelcar_ws/ros_ws/teraranger_node_ws/build/CMakeFiles/CMakeTmp/CheckSymbolExists.c
Linking C executable cmTC_dc978
/usr/bin/cmake -E cmake_link_script CMakeFiles/cmTC_dc978.dir/link.txt --verbose=1
/usr/bin/cc       CMakeFiles/cmTC_dc978.dir/CheckSymbolExists.c.o  -o cmTC_dc978 -rdynamic 
CMakeFiles/cmTC_dc978.dir/CheckSymbolExists.c.o: In function `main':
CheckSymbolExists.c:(.text+0x14): undefined reference to `pthread_create'
CheckSymbolExists.c:(.text+0x18): undefined reference to `pthread_create'
collect2: error: ld returned 1 exit status
CMakeFiles/cmTC_dc978.dir/build.make:97: recipe for target 'cmTC_dc978' failed
make[1]: *** [cmTC_dc978] Error 1
make[1]: Leaving directory '/home/nvidia/Wokspace/umfordavmodelcar_ws/ros_ws/teraranger_node_ws/build/CMakeFiles/CMakeTmp'
Makefile:126: recipe for target 'cmTC_dc978/fast' failed
make: *** [cmTC_dc978/fast] Error 2

File /home/nvidia/Wokspace/umfordavmodelcar_ws/ros_ws/teraranger_node_ws/build/CMakeFiles/CMakeTmp/CheckSymbolExists.c:
/* */
#include <pthread.h>

int main(int argc, char** argv)
{
  (void)argv;
#ifndef pthread_create
  return ((int*)(&pthread_create))[argc];
#else
  (void)argc;
  return 0;
#endif
}

Determining if the function pthread_create exists in the pthreads failed with the following output:
Change Dir: /home/nvidia/Wokspace/umfordavmodelcar_ws/ros_ws/teraranger_node_ws/build/CMakeFiles/CMakeTmp

Run Build Command:"/usr/bin/make" "cmTC_170a2/fast"
/usr/bin/make -f CMakeFiles/cmTC_170a2.dir/build.make CMakeFiles/cmTC_170a2.dir/build
make[1]: Entering directory '/home/nvidia/Wokspace/umfordavmodelcar_ws/ros_ws/teraranger_node_ws/build/CMakeFiles/CMakeTmp'
Building C object CMakeFiles/cmTC_170a2.dir/CheckFunctionExists.c.o
/usr/bin/cc    -DCHECK_FUNCTION_EXISTS=pthread_create   -o CMakeFiles/cmTC_170a2.dir/CheckFunctionExists.c.o   -c /usr/share/cmake-3.5/Modules/CheckFunctionExists.c
Linking C executable cmTC_170a2
/usr/bin/cmake -E cmake_link_script CMakeFiles/cmTC_170a2.dir/link.txt --verbose=1
/usr/bin/cc   -DCHECK_FUNCTION_EXISTS=pthread_create    CMakeFiles/cmTC_170a2.dir/CheckFunctionExists.c.o  -o cmTC_170a2 -rdynamic -lpthreads 
/usr/bin/ld: cannot find -lpthreads
collect2: error: ld returned 1 exit status
CMakeFiles/cmTC_170a2.dir/build.make:97: recipe for target 'cmTC_170a2' failed
make[1]: *** [cmTC_170a2] Error 1
make[1]: Leaving directory '/home/nvidia/Wokspace/umfordavmodelcar_ws/ros_ws/teraranger_node_ws/build/CMakeFiles/CMakeTmp'
Makefile:126: recipe for target 'cmTC_170a2/fast' failed
make: *** [cmTC_170a2/fast] Error 2


