Determining if the pthread_create exist failed with the following output:
Change Dir: /home/nvidia/Wokspace/umfordavmodelcar_ws/ros_ws/joy_node_ws/build/CMakeFiles/CMakeTmp

Run Build Command:"/usr/bin/make" "cmTC_997a7/fast"
/usr/bin/make -f CMakeFiles/cmTC_997a7.dir/build.make CMakeFiles/cmTC_997a7.dir/build
make[1]: Entering directory '/home/nvidia/Wokspace/umfordavmodelcar_ws/ros_ws/joy_node_ws/build/CMakeFiles/CMakeTmp'
Building C object CMakeFiles/cmTC_997a7.dir/CheckSymbolExists.c.o
/usr/bin/cc     -o CMakeFiles/cmTC_997a7.dir/CheckSymbolExists.c.o   -c /home/nvidia/Wokspace/umfordavmodelcar_ws/ros_ws/joy_node_ws/build/CMakeFiles/CMakeTmp/CheckSymbolExists.c
Linking C executable cmTC_997a7
/usr/bin/cmake -E cmake_link_script CMakeFiles/cmTC_997a7.dir/link.txt --verbose=1
/usr/bin/cc       CMakeFiles/cmTC_997a7.dir/CheckSymbolExists.c.o  -o cmTC_997a7 -rdynamic 
CMakeFiles/cmTC_997a7.dir/CheckSymbolExists.c.o: In function `main':
CheckSymbolExists.c:(.text+0x14): undefined reference to `pthread_create'
CheckSymbolExists.c:(.text+0x18): undefined reference to `pthread_create'
collect2: error: ld returned 1 exit status
CMakeFiles/cmTC_997a7.dir/build.make:97: recipe for target 'cmTC_997a7' failed
make[1]: *** [cmTC_997a7] Error 1
make[1]: Leaving directory '/home/nvidia/Wokspace/umfordavmodelcar_ws/ros_ws/joy_node_ws/build/CMakeFiles/CMakeTmp'
Makefile:126: recipe for target 'cmTC_997a7/fast' failed
make: *** [cmTC_997a7/fast] Error 2

File /home/nvidia/Wokspace/umfordavmodelcar_ws/ros_ws/joy_node_ws/build/CMakeFiles/CMakeTmp/CheckSymbolExists.c:
/* */
#include <pthread.h>

int main(int argc, char** argv)
{
  (void)argv;
#ifndef pthread_create
  return ((int*)(&pthread_create))[argc];
#else
  (void)argc;
  return 0;
#endif
}

Determining if the function pthread_create exists in the pthreads failed with the following output:
Change Dir: /home/nvidia/Wokspace/umfordavmodelcar_ws/ros_ws/joy_node_ws/build/CMakeFiles/CMakeTmp

Run Build Command:"/usr/bin/make" "cmTC_52bbb/fast"
/usr/bin/make -f CMakeFiles/cmTC_52bbb.dir/build.make CMakeFiles/cmTC_52bbb.dir/build
make[1]: Entering directory '/home/nvidia/Wokspace/umfordavmodelcar_ws/ros_ws/joy_node_ws/build/CMakeFiles/CMakeTmp'
Building C object CMakeFiles/cmTC_52bbb.dir/CheckFunctionExists.c.o
/usr/bin/cc    -DCHECK_FUNCTION_EXISTS=pthread_create   -o CMakeFiles/cmTC_52bbb.dir/CheckFunctionExists.c.o   -c /usr/share/cmake-3.5/Modules/CheckFunctionExists.c
Linking C executable cmTC_52bbb
/usr/bin/cmake -E cmake_link_script CMakeFiles/cmTC_52bbb.dir/link.txt --verbose=1
/usr/bin/cc   -DCHECK_FUNCTION_EXISTS=pthread_create    CMakeFiles/cmTC_52bbb.dir/CheckFunctionExists.c.o  -o cmTC_52bbb -rdynamic -lpthreads 
/usr/bin/ld: cannot find -lpthreads
collect2: error: ld returned 1 exit status
CMakeFiles/cmTC_52bbb.dir/build.make:97: recipe for target 'cmTC_52bbb' failed
make[1]: *** [cmTC_52bbb] Error 1
make[1]: Leaving directory '/home/nvidia/Wokspace/umfordavmodelcar_ws/ros_ws/joy_node_ws/build/CMakeFiles/CMakeTmp'
Makefile:126: recipe for target 'cmTC_52bbb/fast' failed
make: *** [cmTC_52bbb/fast] Error 2


